# JRE version: Java(TM) SE Runtime Environment (8.0_121-b13) (build 1.8.0_121-b13)
# Java VM: Java HotSpot(TM) 64-Bit Server VM (25.121-b13 mixed mode linux-amd64 compressed oops)
Heap:
 par new generation   total 118016K, used 69280K [0x00000000e8000000, 0x00000000f0000000, 0x00000000f0000000)
  eden space 104960K,  65% used [0x00000000e8000000, 0x00000000ec3a6180, 0x00000000ee680000)
  from space 13056K,   0% used [0x00000000ef340000, 0x00000000ef341e80, 0x00000000f0000000)
  to   space 13056K,   0% used [0x00000000ee680000, 0x00000000ee680000, 0x00000000ef340000)
 concurrent mark-sweep generation total 262144K, used 2055K [0x00000000f0000000, 0x0000000100000000, 0x0000000100000000)
 Metaspace       used 3358K, capacity 4706K, committed 4864K, reserved 1056768K
  class space    used 350K, capacity 398K, committed 512K, reserved 1048576K
GC Heap History (10 events):
Event: 651.339 GC heap before
{Heap before GC invocations=1958 (full 0):
 par new generation   total 118016K, used 104966K [0x00000000e8000000, 0x00000000f0000000, 0x00000000f0000000)
  eden space 104960K, 100% used [0x00000000e8000000, 0x00000000ee680000, 0x00000000ee680000)
  from space 13056K,   0% used [0x00000000ee680000, 0x00000000ee681810, 0x00000000ef340000)
  to   space 13056K,   0% used [0x00000000ef340000, 0x00000000ef340000, 0x00000000f0000000)
 concurrent mark-sweep generation total 262144K, used 2055K [0x00000000f0000000, 0x0000000100000000, 0x0000000100000000)
 Metaspace       used 3358K, capacity 4706K, committed 4864K, reserved 1056768K
  class space    used 350K, capacity 398K, committed 512K, reserved 1048576K
Event: 651.347 GC heap after
Heap after GC invocations=1959 (full 0):
 par new generation   total 118016K, used 11K [0x00000000e8000000, 0x00000000f0000000, 0x00000000f0000000)
  eden space 104960K,   0% used [0x00000000e8000000, 0x00000000e8000000, 0x00000000ee680000)
  from space 13056K,   0% used [0x00000000ef340000, 0x00000000ef342eb0, 0x00000000f0000000)
  to   space 13056K,   0% used [0x00000000ee680000, 0x00000000ee680000, 0x00000000ef340000)
 concurrent mark-sweep generation total 262144K, used 2055K [0x00000000f0000000, 0x0000000100000000, 0x0000000100000000)
 Metaspace       used 3358K, capacity 4706K, committed 4864K, reserved 1056768K
  class space    used 350K, capacity 398K, committed 512K, reserved 1048576K
}
Event: 651.483 GC heap before
{Heap before GC invocations=1959 (full 0):
 par new generation   total 118016K, used 104971K [0x00000000e8000000, 0x00000000f0000000, 0x00000000f0000000)
  eden space 104960K, 100% used [0x00000000e8000000, 0x00000000ee680000, 0x00000000ee680000)
  from space 13056K,   0% used [0x00000000ef340000, 0x00000000ef342eb0, 0x00000000f0000000)
  to   space 13056K,   0% used [0x00000000ee680000, 0x00000000ee680000, 0x00000000ef340000)
 concurrent mark-sweep generation total 262144K, used 2055K [0x00000000f0000000, 0x0000000100000000, 0x0000000100000000)
 Metaspace       used 3358K, capacity 4706K, committed 4864K, reserved 1056768K
  class space    used 350K, capacity 398K, committed 512K, reserved 1048576K
Event: 651.492 GC heap after
Heap after GC invocations=1960 (full 0):
 par new generation   total 118016K, used 8K [0x00000000e8000000, 0x00000000f0000000, 0x00000000f0000000)
  eden space 104960K,   0% used [0x00000000e8000000, 0x00000000e8000000, 0x00000000ee680000)
  from space 13056K,   0% used [0x00000000ee680000, 0x00000000ee682238, 0x00000000ef340000)
  to   space 13056K,   0% used [0x00000000ef340000, 0x00000000ef340000, 0x00000000f0000000)
 concurrent mark-sweep generation total 262144K, used 2055K [0x00000000f0000000, 0x0000000100000000, 0x0000000100000000)
 Metaspace       used 3358K, capacity 4706K, committed 4864K, reserved 1056768K
  class space    used 350K, capacity 398K, committed 512K, reserved 1048576K
}
Event: 651.628 GC heap before
{Heap before GC invocations=1960 (full 0):
 par new generation   total 118016K, used 104968K [0x00000000e8000000, 0x00000000f0000000, 0x00000000f0000000)
  eden space 104960K, 100% used [0x00000000e8000000, 0x00000000ee680000, 0x00000000ee680000)
  from space 13056K,   0% used [0x00000000ee680000, 0x00000000ee682238, 0x00000000ef340000)
  to   space 13056K,   0% used [0x00000000ef340000, 0x00000000ef340000, 0x00000000f0000000)
 concurrent mark-sweep generation total 262144K, used 2055K [0x00000000f0000000, 0x0000000100000000, 0x0000000100000000)
 Metaspace       used 3358K, capacity 4706K, committed 4864K, reserved 1056768K
  class space    used 350K, capacity 398K, committed 512K, reserved 1048576K
Event: 651.635 GC heap after
Heap after GC invocations=1961 (full 0):
 par new generation   total 118016K, used 8K [0x00000000e8000000, 0x00000000f0000000, 0x00000000f0000000)
  eden space 104960K,   0% used [0x00000000e8000000, 0x00000000e8000000, 0x00000000ee680000)
  from space 13056K,   0% used [0x00000000ef340000, 0x00000000ef342230, 0x00000000f0000000)
  to   space 13056K,   0% used [0x00000000ee680000, 0x00000000ee680000, 0x00000000ef340000)
 concurrent mark-sweep generation total 262144K, used 2055K [0x00000000f0000000, 0x0000000100000000, 0x0000000100000000)
 Metaspace       used 3358K, capacity 4706K, committed 4864K, reserved 1056768K
  class space    used 350K, capacity 398K, committed 512K, reserved 1048576K
}
Event: 651.771 GC heap before
{Heap before GC invocations=1961 (full 0):
 par new generation   total 118016K, used 104968K [0x00000000e8000000, 0x00000000f0000000, 0x00000000f0000000)
  eden space 104960K, 100% used [0x00000000e8000000, 0x00000000ee680000, 0x00000000ee680000)
  from space 13056K,   0% used [0x00000000ef340000, 0x00000000ef342230, 0x00000000f0000000)
  to   space 13056K,   0% used [0x00000000ee680000, 0x00000000ee680000, 0x00000000ef340000)
 concurrent mark-sweep generation total 262144K, used 2055K [0x00000000f0000000, 0x0000000100000000, 0x0000000100000000)
 Metaspace       used 3358K, capacity 4706K, committed 4864K, reserved 1056768K
  class space    used 350K, capacity 398K, committed 512K, reserved 1048576K
Event: 651.778 GC heap after
Heap after GC invocations=1962 (full 0):
 par new generation   total 118016K, used 7K [0x00000000e8000000, 0x00000000f0000000, 0x00000000f0000000)
  eden space 104960K,   0% used [0x00000000e8000000, 0x00000000e8000000, 0x00000000ee680000)
  from space 13056K,   0% used [0x00000000ee680000, 0x00000000ee681ff0, 0x00000000ef340000)
  to   space 13056K,   0% used [0x00000000ef340000, 0x00000000ef340000, 0x00000000f0000000)
 concurrent mark-sweep generation total 262144K, used 2055K [0x00000000f0000000, 0x0000000100000000, 0x0000000100000000)
 Metaspace       used 3358K, capacity 4706K, committed 4864K, reserved 1056768K
  class space    used 350K, capacity 398K, committed 512K, reserved 1048576K
}
Event: 651.914 GC heap before
{Heap before GC invocations=1962 (full 0):
 par new generation   total 118016K, used 104967K [0x00000000e8000000, 0x00000000f0000000, 0x00000000f0000000)
  eden space 104960K, 100% used [0x00000000e8000000, 0x00000000ee680000, 0x00000000ee680000)
  from space 13056K,   0% used [0x00000000ee680000, 0x00000000ee681ff0, 0x00000000ef340000)
  to   space 13056K,   0% used [0x00000000ef340000, 0x00000000ef340000, 0x00000000f0000000)
 concurrent mark-sweep generation total 262144K, used 2055K [0x00000000f0000000, 0x0000000100000000, 0x0000000100000000)
 Metaspace       used 3358K, capacity 4706K, committed 4864K, reserved 1056768K
  class space    used 350K, capacity 398K, committed 512K, reserved 1048576K
Event: 651.921 GC heap after
Heap after GC invocations=1963 (full 0):
 par new generation   total 118016K, used 7K [0x00000000e8000000, 0x00000000f0000000, 0x00000000f0000000)
  eden space 104960K,   0% used [0x00000000e8000000, 0x00000000e8000000, 0x00000000ee680000)
  from space 13056K,   0% used [0x00000000ef340000, 0x00000000ef341e80, 0x00000000f0000000)
  to   space 13056K,   0% used [0x00000000ee680000, 0x00000000ee680000, 0x00000000ef340000)
 concurrent mark-sweep generation total 262144K, used 2055K [0x00000000f0000000, 0x0000000100000000, 0x0000000100000000)
 Metaspace       used 3358K, capacity 4706K, committed 4864K, reserved 1056768K
  class space    used 350K, capacity 398K, committed 512K, reserved 1048576K
}

